This is pdfTeX, Version 3.1415926-2.3-1.40.12 (MiKTeX 2.9) (preloaded format=pdflatex 2016.9.23)  2 NOV 2016 20:59
entering extended mode
**E:/01_Master_project/Water_Detection_Project/07_Page/chapter/chap-SoftWare.te
x

(E:/01_Master_project/Water_Detection_Project/07_Page/chapter/chap-SoftWare.tex
LaTeX2e <2011/06/27>
Babel <v3.8m> and hyphenation patterns for loaded.
! Undefined control sequence.
l.1 \chapter
            {水分测量系统软件设计}\label{chap5}
? e
 
Here is how much of TeX's memory you used:
 7 strings out of 495354
 300 string characters out of 3183859
 44842 words of memory out of 3000000
 3276 multiletter control sequences out of 15000+200000
 3640 words of font info for 14 fonts, out of 3000000 for 9000
 14 hyphenation exceptions out of 8191
 5i,0n,1p,127b,8s stack positions out of 5000i,500n,10000p,200000b,50000s
No pages of output.
PDF statistics:
 0 PDF objects out of 1000 (max. 8388607)
 0 named destinations out of 1000 (max. 500000)
 1 words of extra memory for PDF output out of 10000 (max. 10000000)

