\BOOKMARK [0][-]{Doc-Start}{\376\377\162\354\122\033\140\047\130\360\146\016}{}% 1
\BOOKMARK [0][-]{section*.1}{\376\377\144\130\000\040\000\040\211\201}{}% 2
\BOOKMARK [0][-]{section*.2}{\376\377\000\101\000\142\000\163\000\164\000\162\000\141\000\143\000\164}{}% 3
\BOOKMARK [0][-]{chapter*.3}{\376\377\166\356\000\040\000\040\137\125}{}% 4
\BOOKMARK [0][-]{chapter.1}{\376\377\173\054\116\000\172\340\000\040\000\040\154\064\122\006\155\113\221\317\174\373\176\337\166\204\170\154\116\366\213\276\213\241}{}% 5
\BOOKMARK [1][-]{section.1.1}{\376\377\000\061\000\056\000\061\000\040\170\154\116\366\174\373\176\337\140\073\117\123\213\276\213\241}{chapter.1}% 6
\BOOKMARK [1][-]{section.1.2}{\376\377\000\061\000\056\000\062\000\040\170\154\116\366\174\373\176\337\166\204\127\372\170\100\140\047\213\276\213\241}{chapter.1}% 7
\BOOKMARK [2][-]{subsection.1.2.1}{\376\377\000\061\000\056\000\062\000\056\000\061\000\040\174\373\176\337\165\065\156\220\213\276\213\241}{section.1.2}% 8
\BOOKMARK [2][-]{subsection.1.2.2}{\376\377\000\061\000\056\000\062\000\056\000\062\000\040\000\104\000\123\000\120\147\000\134\017\174\373\176\337\213\276\213\241}{section.1.2}% 9
\BOOKMARK [2][-]{subsection.1.2.3}{\376\377\000\061\000\056\000\062\000\056\000\063\000\040\116\062\123\343\220\032\117\341\213\276\213\241}{section.1.2}% 10
\BOOKMARK [1][-]{section.1.3}{\376\377\000\061\000\056\000\063\000\040\121\111\156\220\117\341\123\367\232\161\122\250\165\065\215\357\213\276\213\241}{chapter.1}% 11
\BOOKMARK [2][-]{subsection.1.3.1}{\376\377\000\061\000\056\000\063\000\056\000\061\000\040\157\300\122\261\117\341\123\367\123\321\165\037\126\150}{section.1.3}% 12
\BOOKMARK [2][-]{subsection.1.3.2}{\376\377\000\061\000\056\000\063\000\056\000\062\000\040\140\122\155\101\156\220\232\161\122\250\165\065\215\357}{section.1.3}% 13
\BOOKMARK [1][-]{section.1.4}{\376\377\000\061\000\056\000\064\000\040\152\041\142\337\117\341\123\367\217\223\121\145\220\032\220\123\213\276\213\241}{chapter.1}% 14
\BOOKMARK [2][-]{subsection.1.4.1}{\376\377\000\061\000\056\000\064\000\056\000\061\000\040\117\341\123\367\145\076\131\047\165\065\215\357}{section.1.4}% 15
\BOOKMARK [2][-]{subsection.1.4.2}{\376\377\000\061\000\056\000\064\000\056\000\062\000\040\172\204\136\046\136\046\220\032\156\344\154\342\165\065\215\357}{section.1.4}% 16
\BOOKMARK [1][-]{section.1.5}{\376\377\000\061\000\056\000\065\000\040\152\041\145\160\217\154\143\142\165\065\215\357\213\276\213\241}{chapter.1}% 17
\BOOKMARK [2][-]{subsection.1.5.1}{\376\377\000\061\000\056\000\065\000\056\000\061\000\040\000\101\000\057\000\104\000\040\202\257\162\107\220\011\127\213}{section.1.5}% 18
\BOOKMARK [2][-]{subsection.1.5.2}{\376\377\000\061\000\056\000\065\000\056\000\062\000\040\202\257\162\107\123\237\164\006\124\214\176\323\147\204}{section.1.5}% 19
\BOOKMARK [2][-]{subsection.1.5.3}{\376\377\000\061\000\056\000\065\000\056\000\063\000\040\000\101\000\057\000\104\000\040\122\115\172\357\214\003\164\006\165\065\215\357\213\276\213\241}{section.1.5}% 20
\BOOKMARK [2][-]{subsection.1.5.4}{\376\377\000\061\000\056\000\065\000\056\000\064\000\040\000\101\000\057\000\104\000\040\116\016\000\040\000\104\000\123\000\120\000\040\143\245\123\343\165\065\215\357\213\276\213\241}{section.1.5}% 21
\BOOKMARK [1][-]{section.1.6}{\376\377\000\061\000\056\000\066\000\040\156\051\143\247\165\065\215\357\213\276\213\241}{chapter.1}% 22
\BOOKMARK [2][-]{subsection.1.6.1}{\376\377\000\061\000\056\000\066\000\056\000\061\000\040\156\051\136\246\150\300\155\113\165\065\215\357}{section.1.6}% 23
\BOOKMARK [2][-]{subsection.1.6.2}{\376\377\000\061\000\056\000\066\000\056\000\062\000\040\123\112\133\374\117\123\122\066\121\267\165\065\215\357}{section.1.6}% 24
\BOOKMARK [1][-]{section.1.7}{\376\377\000\061\000\056\000\067\000\040\147\054\172\340\134\017\176\323}{chapter.1}% 25
