This is pdfTeX, Version 3.1415926-2.3-1.40.12 (MiKTeX 2.9) (preloaded format=pdflatex 2016.7.18)  14 DEC 2016 19:14
entering extended mode
**C:/Users/guoruiyun/Desktop/æå®‡å¤æ¯•ä¸šè®ºæ–‡2/14_paper/chapter/chap-SoftW
are.tex

(C:/Users/guoruiyun/Desktop/æå®‡å¤æ¯•ä¸šè®ºæ–‡2/14_paper/chapter/chap-SoftWa
re.tex
LaTeX2e <2011/06/27>
Babel <v3.8m> and hyphenation patterns for loaded.
! Undefined control sequence.
l.1 \chapter
            {Ë®·Ö²âÁ¿ÏµÍ³µÄÈí¼şÉè¼Æ}
? 
! Emergency stop.
l.1 \chapter
            {Ë®·Ö²âÁ¿ÏµÍ³µÄÈí¼şÉè¼Æ}
End of file on the terminal!

 
Here is how much of TeX's memory you used:
 7 strings out of 495354
 318 string characters out of 3183859
 44842 words of memory out of 3000000
 3276 multiletter control sequences out of 15000+200000
 3640 words of font info for 14 fonts, out of 3000000 for 9000
 14 hyphenation exceptions out of 8191
 5i,0n,1p,120b,8s stack positions out of 5000i,500n,10000p,200000b,50000s
!  ==> Fatal error occurred, no output PDF file produced!
